
0 - Memory leak of size [64] at address (0x0000022117AFC5C0); Trace length = 35
  - icy::heap_realloc
  - <lambda_b5208ca5914c8b87931a72746cf0fc26>::operator()
  - <lambda_b5208ca5914c8b87931a72746cf0fc26>::<lambda_invoker_cdecl>
  - luaM_realloc_
  - setnodevector
  - auxsetnode
  - luaD_rawrunprotected
  - luaH_resize
  - rehash
  - luaH_newkey
  - luaV_finishset
  - auxsetstr
  - lua_setglobal
  - <lambda_efbf21ae8bf1a68d3d0e06db4501d1a1>::operator()
  - <lambda_fa93d16e068392a849b0cabacd574a26>::operator()
  - <lambda_fa93d16e068392a849b0cabacd574a26>::<lambda_invoker_cdecl>
  - luaD_precall
  - luaD_call
  - luaD_callnoyield
  - f_call
  - luaD_rawrunprotected
  - luaD_pcall
  - lua_pcallk
  - icy::lua_system::data_type::safe_call<<lambda_efbf21ae8bf1a68d3d0e06db4501d1a1> >
  - icy::lua_system::data_type::initialize
  - icy::lua_system::initialize
  - icy::lua_system::initialize
  - main_func
  - wWinMain
  - invoke_main
  - __scrt_common_main_seh
  - __scrt_common_main
  - wWinMainCRTStartup
  - BaseThreadInitThunk
  - RtlUserThreadStart

1 - Memory leak of size [35] at address (0x0000022117AFC120); Trace length = 33
  - icy::heap_realloc
  - <lambda_b5208ca5914c8b87931a72746cf0fc26>::operator()
  - <lambda_b5208ca5914c8b87931a72746cf0fc26>::<lambda_invoker_cdecl>
  - luaM_realloc_
  - luaC_newobj
  - createstrobj
  - internshrstr
  - luaS_newlstr
  - luaS_new
  - auxsetstr
  - lua_setglobal
  - <lambda_efbf21ae8bf1a68d3d0e06db4501d1a1>::operator()
  - <lambda_fa93d16e068392a849b0cabacd574a26>::operator()
  - <lambda_fa93d16e068392a849b0cabacd574a26>::<lambda_invoker_cdecl>
  - luaD_precall
  - luaD_call
  - luaD_callnoyield
  - f_call
  - luaD_rawrunprotected
  - luaD_pcall
  - lua_pcallk
  - icy::lua_system::data_type::safe_call<<lambda_efbf21ae8bf1a68d3d0e06db4501d1a1> >
  - icy::lua_system::data_type::initialize
  - icy::lua_system::initialize
  - icy::lua_system::initialize
  - main_func
  - wWinMain
  - invoke_main
  - __scrt_common_main_seh
  - __scrt_common_main
  - wWinMainCRTStartup
  - BaseThreadInitThunk
  - RtlUserThreadStart

2 - Memory leak of size [56] at address (0x0000022117AFC580); Trace length = 29
  - icy::heap_realloc
  - <lambda_b5208ca5914c8b87931a72746cf0fc26>::operator()
  - <lambda_b5208ca5914c8b87931a72746cf0fc26>::<lambda_invoker_cdecl>
  - luaM_realloc_
  - luaC_newobj
  - luaH_new
  - lua_createtable
  - <lambda_efbf21ae8bf1a68d3d0e06db4501d1a1>::operator()
  - <lambda_fa93d16e068392a849b0cabacd574a26>::operator()
  - <lambda_fa93d16e068392a849b0cabacd574a26>::<lambda_invoker_cdecl>
  - luaD_precall
  - luaD_call
  - luaD_callnoyield
  - f_call
  - luaD_rawrunprotected
  - luaD_pcall
  - lua_pcallk
  - icy::lua_system::data_type::safe_call<<lambda_efbf21ae8bf1a68d3d0e06db4501d1a1> >
  - icy::lua_system::data_type::initialize
  - icy::lua_system::initialize
  - icy::lua_system::initialize
  - main_func
  - wWinMain
  - invoke_main
  - __scrt_common_main_seh
  - __scrt_common_main
  - wWinMainCRTStartup
  - BaseThreadInitThunk
  - RtlUserThreadStart

3 - Memory leak of size [32] at address (0x0000022117AFCD20); Trace length = 35
  - icy::heap_realloc
  - <lambda_b5208ca5914c8b87931a72746cf0fc26>::operator()
  - <lambda_b5208ca5914c8b87931a72746cf0fc26>::<lambda_invoker_cdecl>
  - luaM_realloc_
  - setnodevector
  - auxsetnode
  - luaD_rawrunprotected
  - luaH_resize
  - rehash
  - luaH_newkey
  - luaV_finishset
  - auxsetstr
  - lua_setglobal
  - <lambda_efbf21ae8bf1a68d3d0e06db4501d1a1>::operator()
  - <lambda_fa93d16e068392a849b0cabacd574a26>::operator()
  - <lambda_fa93d16e068392a849b0cabacd574a26>::<lambda_invoker_cdecl>
  - luaD_precall
  - luaD_call
  - luaD_callnoyield
  - f_call
  - luaD_rawrunprotected
  - luaD_pcall
  - lua_pcallk
  - icy::lua_system::data_type::safe_call<<lambda_efbf21ae8bf1a68d3d0e06db4501d1a1> >
  - icy::lua_system::data_type::initialize
  - icy::lua_system::initialize
  - icy::lua_system::initialize
  - main_func
  - wWinMain
  - invoke_main
  - __scrt_common_main_seh
  - __scrt_common_main
  - wWinMainCRTStartup
  - BaseThreadInitThunk
  - RtlUserThreadStart

4 - Memory leak of size [38] at address (0x0000022117AFC0F0); Trace length = 33
  - icy::heap_realloc
  - <lambda_b5208ca5914c8b87931a72746cf0fc26>::operator()
  - <lambda_b5208ca5914c8b87931a72746cf0fc26>::<lambda_invoker_cdecl>
  - luaM_realloc_
  - luaC_newobj
  - createstrobj
  - internshrstr
  - luaS_newlstr
  - luaS_new
  - auxsetstr
  - lua_setglobal
  - <lambda_efbf21ae8bf1a68d3d0e06db4501d1a1>::operator()
  - <lambda_fa93d16e068392a849b0cabacd574a26>::operator()
  - <lambda_fa93d16e068392a849b0cabacd574a26>::<lambda_invoker_cdecl>
  - luaD_precall
  - luaD_call
  - luaD_callnoyield
  - f_call
  - luaD_rawrunprotected
  - luaD_pcall
  - lua_pcallk
  - icy::lua_system::data_type::safe_call<<lambda_efbf21ae8bf1a68d3d0e06db4501d1a1> >
  - icy::lua_system::data_type::initialize
  - icy::lua_system::initialize
  - icy::lua_system::initialize
  - main_func
  - wWinMain
  - invoke_main
  - __scrt_common_main_seh
  - __scrt_common_main
  - wWinMainCRTStartup
  - BaseThreadInitThunk
  - RtlUserThreadStart

5 - Memory leak of size [56] at address (0x0000022117AFC540); Trace length = 29
  - icy::heap_realloc
  - <lambda_b5208ca5914c8b87931a72746cf0fc26>::operator()
  - <lambda_b5208ca5914c8b87931a72746cf0fc26>::<lambda_invoker_cdecl>
  - luaM_realloc_
  - luaC_newobj
  - luaH_new
  - lua_createtable
  - <lambda_efbf21ae8bf1a68d3d0e06db4501d1a1>::operator()
  - <lambda_fa93d16e068392a849b0cabacd574a26>::operator()
  - <lambda_fa93d16e068392a849b0cabacd574a26>::<lambda_invoker_cdecl>
  - luaD_precall
  - luaD_call
  - luaD_callnoyield
  - f_call
  - luaD_rawrunprotected
  - luaD_pcall
  - lua_pcallk
  - icy::lua_system::data_type::safe_call<<lambda_efbf21ae8bf1a68d3d0e06db4501d1a1> >
  - icy::lua_system::data_type::initialize
  - icy::lua_system::initialize
  - icy::lua_system::initialize
  - main_func
  - wWinMain
  - invoke_main
  - __scrt_common_main_seh
  - __scrt_common_main
  - wWinMainCRTStartup
  - BaseThreadInitThunk
  - RtlUserThreadStart

6 - Memory leak of size [72] at address (0x0000022117AFCD80); Trace length = 24
  - icy::heap_realloc
  - <lambda_b5208ca5914c8b87931a72746cf0fc26>::operator()
  - <lambda_b5208ca5914c8b87931a72746cf0fc26>::<lambda_invoker_cdecl>
  - luaM_realloc_
  - luaE_extendCI
  - luaD_precall
  - luaD_call
  - luaD_callnoyield
  - f_call
  - luaD_rawrunprotected
  - luaD_pcall
  - lua_pcallk
  - icy::lua_system::data_type::safe_call<<lambda_efbf21ae8bf1a68d3d0e06db4501d1a1> >
  - icy::lua_system::data_type::initialize
  - icy::lua_system::initialize
  - icy::lua_system::initialize
  - main_func
  - wWinMain
  - invoke_main
  - __scrt_common_main_seh
  - __scrt_common_main
  - wWinMainCRTStartup
  - BaseThreadInitThunk
  - RtlUserThreadStart

7 - Memory leak of size [64] at address (0x0000022117AFC500); Trace length = 19
  - icy::heap_realloc
  - <lambda_b5208ca5914c8b87931a72746cf0fc26>::operator()
  - <lambda_b5208ca5914c8b87931a72746cf0fc26>::<lambda_invoker_cdecl>
  - luaM_realloc_
  - luaC_newobj
  - luaF_newCclosure
  - lua_pushcclosure
  - icy::lua_system::data_type::safe_call<<lambda_efbf21ae8bf1a68d3d0e06db4501d1a1> >
  - icy::lua_system::data_type::initialize
  - icy::lua_system::initialize
  - icy::lua_system::initialize
  - main_func
  - wWinMain
  - invoke_main
  - __scrt_common_main_seh
  - __scrt_common_main
  - wWinMainCRTStartup
  - BaseThreadInitThunk
  - RtlUserThreadStart

8 - Memory leak of size [30] at address (0x0000022117AFCD00); Trace length = 24
  - icy::heap_realloc
  - <lambda_b5208ca5914c8b87931a72746cf0fc26>::operator()
  - <lambda_b5208ca5914c8b87931a72746cf0fc26>::<lambda_invoker_cdecl>
  - luaM_realloc_
  - luaC_newobj
  - createstrobj
  - internshrstr
  - luaS_newlstr
  - luaS_new
  - luaX_init
  - f_luaopen
  - luaD_rawrunprotected
  - lua_newstate
  - icy::lua_system::data_type::initialize
  - icy::lua_system::initialize
  - icy::lua_system::initialize
  - main_func
  - wWinMain
  - invoke_main
  - __scrt_common_main_seh
  - __scrt_common_main
  - wWinMainCRTStartup
  - BaseThreadInitThunk
  - RtlUserThreadStart

9 - Memory leak of size [30] at address (0x0000022117AFCCE0); Trace length = 24
  - icy::heap_realloc
  - <lambda_b5208ca5914c8b87931a72746cf0fc26>::operator()
  - <lambda_b5208ca5914c8b87931a72746cf0fc26>::<lambda_invoker_cdecl>
  - luaM_realloc_
  - luaC_newobj
  - createstrobj
  - internshrstr
  - luaS_newlstr
  - luaS_new
  - luaX_init
  - f_luaopen
  - luaD_rawrunprotected
  - lua_newstate
  - icy::lua_system::data_type::initialize
  - icy::lua_system::initialize
  - icy::lua_system::initialize
  - main_func
  - wWinMain
  - invoke_main
  - __scrt_common_main_seh
  - __scrt_common_main
  - wWinMainCRTStartup
  - BaseThreadInitThunk
  - RtlUserThreadStart

10 - Memory leak of size [29] at address (0x0000022117AFCCC0); Trace length = 24
  - icy::heap_realloc
  - <lambda_b5208ca5914c8b87931a72746cf0fc26>::operator()
  - <lambda_b5208ca5914c8b87931a72746cf0fc26>::<lambda_invoker_cdecl>
  - luaM_realloc_
  - luaC_newobj
  - createstrobj
  - internshrstr
  - luaS_newlstr
  - luaS_new
  - luaX_init
  - f_luaopen
  - luaD_rawrunprotected
  - lua_newstate
  - icy::lua_system::data_type::initialize
  - icy::lua_system::initialize
  - icy::lua_system::initialize
  - main_func
  - wWinMain
  - invoke_main
  - __scrt_common_main_seh
  - __scrt_common_main
  - wWinMainCRTStartup
  - BaseThreadInitThunk
  - RtlUserThreadStart

11 - Memory leak of size [29] at address (0x0000022117AFCCA0); Trace length = 24
  - icy::heap_realloc
  - <lambda_b5208ca5914c8b87931a72746cf0fc26>::operator()
  - <lambda_b5208ca5914c8b87931a72746cf0fc26>::<lambda_invoker_cdecl>
  - luaM_realloc_
  - luaC_newobj
  - createstrobj
  - internshrstr
  - luaS_newlstr
  - luaS_new
  - luaX_init
  - f_luaopen
  - luaD_rawrunprotected
  - lua_newstate
  - icy::lua_system::data_type::initialize
  - icy::lua_system::initialize
  - icy::lua_system::initialize
  - main_func
  - wWinMain
  - invoke_main
  - __scrt_common_main_seh
  - __scrt_common_main
  - wWinMainCRTStartup
  - BaseThreadInitThunk
  - RtlUserThreadStart

12 - Memory leak of size [31] at address (0x0000022117AFCC80); Trace length = 24
  - icy::heap_realloc
  - <lambda_b5208ca5914c8b87931a72746cf0fc26>::operator()
  - <lambda_b5208ca5914c8b87931a72746cf0fc26>::<lambda_invoker_cdecl>
  - luaM_realloc_
  - luaC_newobj
  - createstrobj
  - internshrstr
  - luaS_newlstr
  - luaS_new
  - luaX_init
  - f_luaopen
  - luaD_rawrunprotected
  - lua_newstate
  - icy::lua_system::data_type::initialize
  - icy::lua_system::initialize
  - icy::lua_system::initialize
  - main_func
  - wWinMain
  - invoke_main
  - __scrt_common_main_seh
  - __scrt_common_main
  - wWinMainCRTStartup
  - BaseThreadInitThunk
  - RtlUserThreadStart

13 - Memory leak of size [31] at address (0x0000022117AFCC60); Trace length = 24
  - icy::heap_realloc
  - <lambda_b5208ca5914c8b87931a72746cf0fc26>::operator()
  - <lambda_b5208ca5914c8b87931a72746cf0fc26>::<lambda_invoker_cdecl>
  - luaM_realloc_
  - luaC_newobj
  - createstrobj
  - internshrstr
  - luaS_newlstr
  - luaS_new
  - luaX_init
  - f_luaopen
  - luaD_rawrunprotected
  - lua_newstate
  - icy::lua_system::data_type::initialize
  - icy::lua_system::initialize
  - icy::lua_system::initialize
  - main_func
  - wWinMain
  - invoke_main
  - __scrt_common_main_seh
  - __scrt_common_main
  - wWinMainCRTStartup
  - BaseThreadInitThunk
  - RtlUserThreadStart

14 - Memory leak of size [27] at address (0x0000022117AFCC40); Trace length = 24
  - icy::heap_realloc
  - <lambda_b5208ca5914c8b87931a72746cf0fc26>::operator()
  - <lambda_b5208ca5914c8b87931a72746cf0fc26>::<lambda_invoker_cdecl>
  - luaM_realloc_
  - luaC_newobj
  - createstrobj
  - internshrstr
  - luaS_newlstr
  - luaS_new
  - luaX_init
  - f_luaopen
  - luaD_rawrunprotected
  - lua_newstate
  - icy::lua_system::data_type::initialize
  - icy::lua_system::initialize
  - icy::lua_system::initialize
  - main_func
  - wWinMain
  - invoke_main
  - __scrt_common_main_seh
  - __scrt_common_main
  - wWinMainCRTStartup
  - BaseThreadInitThunk
  - RtlUserThreadStart

15 - Memory leak of size [28] at address (0x0000022117AFCC20); Trace length = 24
  - icy::heap_realloc
  - <lambda_b5208ca5914c8b87931a72746cf0fc26>::operator()
  - <lambda_b5208ca5914c8b87931a72746cf0fc26>::<lambda_invoker_cdecl>
  - luaM_realloc_
  - luaC_newobj
  - createstrobj
  - internshrstr
  - luaS_newlstr
  - luaS_new
  - luaX_init
  - f_luaopen
  - luaD_rawrunprotected
  - lua_newstate
  - icy::lua_system::data_type::initialize
  - icy::lua_system::initialize
  - icy::lua_system::initialize
  - main_func
  - wWinMain
  - invoke_main
  - __scrt_common_main_seh
  - __scrt_common_main
  - wWinMainCRTStartup
  - BaseThreadInitThunk
  - RtlUserThreadStart

16 - Memory leak of size [28] at address (0x0000022117AFCC00); Trace length = 24
  - icy::heap_realloc
  - <lambda_b5208ca5914c8b87931a72746cf0fc26>::operator()
  - <lambda_b5208ca5914c8b87931a72746cf0fc26>::<lambda_invoker_cdecl>
  - luaM_realloc_
  - luaC_newobj
  - createstrobj
  - internshrstr
  - luaS_newlstr
  - luaS_new
  - luaX_init
  - f_luaopen
  - luaD_rawrunprotected
  - lua_newstate
  - icy::lua_system::data_type::initialize
  - icy::lua_system::initialize
  - icy::lua_system::initialize
  - main_func
  - wWinMain
  - invoke_main
  - __scrt_common_main_seh
  - __scrt_common_main
  - wWinMainCRTStartup
  - BaseThreadInitThunk
  - RtlUserThreadStart

17 - Memory leak of size [30] at address (0x0000022117AFCBE0); Trace length = 24
  - icy::heap_realloc
  - <lambda_b5208ca5914c8b87931a72746cf0fc26>::operator()
  - <lambda_b5208ca5914c8b87931a72746cf0fc26>::<lambda_invoker_cdecl>
  - luaM_realloc_
  - luaC_newobj
  - createstrobj
  - internshrstr
  - luaS_newlstr
  - luaS_new
  - luaX_init
  - f_luaopen
  - luaD_rawrunprotected
  - lua_newstate
  - icy::lua_system::data_type::initialize
  - icy::lua_system::initialize
  - icy::lua_system::initialize
  - main_func
  - wWinMain
  - invoke_main
  - __scrt_common_main_seh
  - __scrt_common_main
  - wWinMainCRTStartup
  - BaseThreadInitThunk
  - RtlUserThreadStart

18 - Memory leak of size [27] at address (0x0000022117AFCBC0); Trace length = 24
  - icy::heap_realloc
  - <lambda_b5208ca5914c8b87931a72746cf0fc26>::operator()
  - <lambda_b5208ca5914c8b87931a72746cf0fc26>::<lambda_invoker_cdecl>
  - luaM_realloc_
  - luaC_newobj
  - createstrobj
  - internshrstr
  - luaS_newlstr
  - luaS_new
  - luaX_init
  - f_luaopen
  - luaD_rawrunprotected
  - lua_newstate
  - icy::lua_system::data_type::initialize
  - icy::lua_system::initialize
  - icy::lua_system::initialize
  - main_func
  - wWinMain
  - invoke_main
  - __scrt_common_main_seh
  - __scrt_common_main
  - wWinMainCRTStartup
  - BaseThreadInitThunk
  - RtlUserThreadStart

19 - Memory leak of size [27] at address (0x0000022117AFCBA0); Trace length = 24
  - icy::heap_realloc
  - <lambda_b5208ca5914c8b87931a72746cf0fc26>::operator()
  - <lambda_b5208ca5914c8b87931a72746cf0fc26>::<lambda_invoker_cdecl>
  - luaM_realloc_
  - luaC_newobj
  - createstrobj
  - internshrstr
  - luaS_newlstr
  - luaS_new
  - luaX_init
  - f_luaopen
  - luaD_rawrunprotected
  - lua_newstate
  - icy::lua_system::data_type::initialize
  - icy::lua_system::initialize
  - icy::lua_system::initialize
  - main_func
  - wWinMain
  - invoke_main
  - __scrt_common_main_seh
  - __scrt_common_main
  - wWinMainCRTStartup
  - BaseThreadInitThunk
  - RtlUserThreadStart

20 - Memory leak of size [29] at address (0x0000022117AFCB80); Trace length = 24
  - icy::heap_realloc
  - <lambda_b5208ca5914c8b87931a72746cf0fc26>::operator()
  - <lambda_b5208ca5914c8b87931a72746cf0fc26>::<lambda_invoker_cdecl>
  - luaM_realloc_
  - luaC_newobj
  - createstrobj
  - internshrstr
  - luaS_newlstr
  - luaS_new
  - luaX_init
  - f_luaopen
  - luaD_rawrunprotected
  - lua_newstate
  - icy::lua_system::data_type::initialize
  - icy::lua_system::initialize
  - icy::lua_system::initialize
  - main_func
  - wWinMain
  - invoke_main
  - __scrt_common_main_seh
  - __scrt_common_main
  - wWinMainCRTStartup
  - BaseThreadInitThunk
  - RtlUserThreadStart

21 - Memory leak of size [33] at address (0x0000022117AFC0C0); Trace length = 24
  - icy::heap_realloc
  - <lambda_b5208ca5914c8b87931a72746cf0fc26>::operator()
  - <lambda_b5208ca5914c8b87931a72746cf0fc26>::<lambda_invoker_cdecl>
  - luaM_realloc_
  - luaC_newobj
  - createstrobj
  - internshrstr
  - luaS_newlstr
  - luaS_new
  - luaX_init
  - f_luaopen
  - luaD_rawrunprotected
  - lua_newstate
  - icy::lua_system::data_type::initialize
  - icy::lua_system::initialize
  - icy::lua_system::initialize
  - main_func
  - wWinMain
  - invoke_main
  - __scrt_common_main_seh
  - __scrt_common_main
  - wWinMainCRTStartup
  - BaseThreadInitThunk
  - RtlUserThreadStart

22 - Memory leak of size [28] at address (0x0000022117AFCB60); Trace length = 24
  - icy::heap_realloc
  - <lambda_b5208ca5914c8b87931a72746cf0fc26>::operator()
  - <lambda_b5208ca5914c8b87931a72746cf0fc26>::<lambda_invoker_cdecl>
  - luaM_realloc_
  - luaC_newobj
  - createstrobj
  - internshrstr
  - luaS_newlstr
  - luaS_new
  - luaX_init
  - f_luaopen
  - luaD_rawrunprotected
  - lua_newstate
  - icy::lua_system::data_type::initialize
  - icy::lua_system::initialize
  - icy::lua_system::initialize
  - main_func
  - wWinMain
  - invoke_main
  - __scrt_common_main_seh
  - __scrt_common_main
  - wWinMainCRTStartup
  - BaseThreadInitThunk
  - RtlUserThreadStart

23 - Memory leak of size [30] at address (0x0000022117AFCB40); Trace length = 24
  - icy::heap_realloc
  - <lambda_b5208ca5914c8b87931a72746cf0fc26>::operator()
  - <lambda_b5208ca5914c8b87931a72746cf0fc26>::<lambda_invoker_cdecl>
  - luaM_realloc_
  - luaC_newobj
  - createstrobj
  - internshrstr
  - luaS_newlstr
  - luaS_new
  - luaX_init
  - f_luaopen
  - luaD_rawrunprotected
  - lua_newstate
  - icy::lua_system::data_type::initialize
  - icy::lua_system::initialize
  - icy::lua_system::initialize
  - main_func
  - wWinMain
  - invoke_main
  - __scrt_common_main_seh
  - __scrt_common_main
  - wWinMainCRTStartup
  - BaseThreadInitThunk
  - RtlUserThreadStart

24 - Memory leak of size [28] at address (0x0000022117AFCB20); Trace length = 24
  - icy::heap_realloc
  - <lambda_b5208ca5914c8b87931a72746cf0fc26>::operator()
  - <lambda_b5208ca5914c8b87931a72746cf0fc26>::<lambda_invoker_cdecl>
  - luaM_realloc_
  - luaC_newobj
  - createstrobj
  - internshrstr
  - luaS_newlstr
  - luaS_new
  - luaX_init
  - f_luaopen
  - luaD_rawrunprotected
  - lua_newstate
  - icy::lua_system::data_type::initialize
  - icy::lua_system::initialize
  - icy::lua_system::initialize
  - main_func
  - wWinMain
  - invoke_main
  - __scrt_common_main_seh
  - __scrt_common_main
  - wWinMainCRTStartup
  - BaseThreadInitThunk
  - RtlUserThreadStart

25 - Memory leak of size [31] at address (0x0000022117AFCB00); Trace length = 24
  - icy::heap_realloc
  - <lambda_b5208ca5914c8b87931a72746cf0fc26>::operator()
  - <lambda_b5208ca5914c8b87931a72746cf0fc26>::<lambda_invoker_cdecl>
  - luaM_realloc_
  - luaC_newobj
  - createstrobj
  - internshrstr
  - luaS_newlstr
  - luaS_new
  - luaX_init
  - f_luaopen
  - luaD_rawrunprotected
  - lua_newstate
  - icy::lua_system::data_type::initialize
  - icy::lua_system::initialize
  - icy::lua_system::initialize
  - main_func
  - wWinMain
  - invoke_main
  - __scrt_common_main_seh
  - __scrt_common_main
  - wWinMainCRTStartup
  - BaseThreadInitThunk
  - RtlUserThreadStart

26 - Memory leak of size [29] at address (0x0000022117AFCAE0); Trace length = 24
  - icy::heap_realloc
  - <lambda_b5208ca5914c8b87931a72746cf0fc26>::operator()
  - <lambda_b5208ca5914c8b87931a72746cf0fc26>::<lambda_invoker_cdecl>
  - luaM_realloc_
  - luaC_newobj
  - createstrobj
  - internshrstr
  - luaS_newlstr
  - luaS_new
  - luaX_init
  - f_luaopen
  - luaD_rawrunprotected
  - lua_newstate
  - icy::lua_system::data_type::initialize
  - icy::lua_system::initialize
  - icy::lua_system::initialize
  - main_func
  - wWinMain
  - invoke_main
  - __scrt_common_main_seh
  - __scrt_common_main
  - wWinMainCRTStartup
  - BaseThreadInitThunk
  - RtlUserThreadStart

27 - Memory leak of size [27] at address (0x0000022117AFCAC0); Trace length = 24
  - icy::heap_realloc
  - <lambda_b5208ca5914c8b87931a72746cf0fc26>::operator()
  - <lambda_b5208ca5914c8b87931a72746cf0fc26>::<lambda_invoker_cdecl>
  - luaM_realloc_
  - luaC_newobj
  - createstrobj
  - internshrstr
  - luaS_newlstr
  - luaS_new
  - luaX_init
  - f_luaopen
  - luaD_rawrunprotected
  - lua_newstate
  - icy::lua_system::data_type::initialize
  - icy::lua_system::initialize
  - icy::lua_system::initialize
  - main_func
  - wWinMain
  - invoke_main
  - __scrt_common_main_seh
  - __scrt_common_main
  - wWinMainCRTStartup
  - BaseThreadInitThunk
  - RtlUserThreadStart

28 - Memory leak of size [30] at address (0x0000022117AFCAA0); Trace length = 24
  - icy::heap_realloc
  - <lambda_b5208ca5914c8b87931a72746cf0fc26>::operator()
  - <lambda_b5208ca5914c8b87931a72746cf0fc26>::<lambda_invoker_cdecl>
  - luaM_realloc_
  - luaC_newobj
  - createstrobj
  - internshrstr
  - luaS_newlstr
  - luaS_new
  - luaX_init
  - f_luaopen
  - luaD_rawrunprotected
  - lua_newstate
  - icy::lua_system::data_type::initialize
  - icy::lua_system::initialize
  - icy::lua_system::initialize
  - main_func
  - wWinMain
  - invoke_main
  - __scrt_common_main_seh
  - __scrt_common_main
  - wWinMainCRTStartup
  - BaseThreadInitThunk
  - RtlUserThreadStart

29 - Memory leak of size [28] at address (0x0000022117AFCA80); Trace length = 24
  - icy::heap_realloc
  - <lambda_b5208ca5914c8b87931a72746cf0fc26>::operator()
  - <lambda_b5208ca5914c8b87931a72746cf0fc26>::<lambda_invoker_cdecl>
  - luaM_realloc_
  - luaC_newobj
  - createstrobj
  - internshrstr
  - luaS_newlstr
  - luaS_new
  - luaX_init
  - f_luaopen
  - luaD_rawrunprotected
  - lua_newstate
  - icy::lua_system::data_type::initialize
  - icy::lua_system::initialize
  - icy::lua_system::initialize
  - main_func
  - wWinMain
  - invoke_main
  - __scrt_common_main_seh
  - __scrt_common_main
  - wWinMainCRTStartup
  - BaseThreadInitThunk
  - RtlUserThreadStart

30 - Memory leak of size [29] at address (0x0000022117AFCA60); Trace length = 23
  - icy::heap_realloc
  - <lambda_b5208ca5914c8b87931a72746cf0fc26>::operator()
  - <lambda_b5208ca5914c8b87931a72746cf0fc26>::<lambda_invoker_cdecl>
  - luaM_realloc_
  - luaC_newobj
  - createstrobj
  - internshrstr
  - luaS_newlstr
  - luaX_init
  - f_luaopen
  - luaD_rawrunprotected
  - lua_newstate
  - icy::lua_system::data_type::initialize
  - icy::lua_system::initialize
  - icy::lua_system::initialize
  - main_func
  - wWinMain
  - invoke_main
  - __scrt_common_main_seh
  - __scrt_common_main
  - wWinMainCRTStartup
  - BaseThreadInitThunk
  - RtlUserThreadStart

31 - Memory leak of size [31] at address (0x0000022117AFCA40); Trace length = 24
  - icy::heap_realloc
  - <lambda_b5208ca5914c8b87931a72746cf0fc26>::operator()
  - <lambda_b5208ca5914c8b87931a72746cf0fc26>::<lambda_invoker_cdecl>
  - luaM_realloc_
  - luaC_newobj
  - createstrobj
  - internshrstr
  - luaS_newlstr
  - luaS_new
  - luaT_init
  - f_luaopen
  - luaD_rawrunprotected
  - lua_newstate
  - icy::lua_system::data_type::initialize
  - icy::lua_system::initialize
  - icy::lua_system::initialize
  - main_func
  - wWinMain
  - invoke_main
  - __scrt_common_main_seh
  - __scrt_common_main
  - wWinMainCRTStartup
  - BaseThreadInitThunk
  - RtlUserThreadStart

32 - Memory leak of size [33] at address (0x0000022117AFC090); Trace length = 24
  - icy::heap_realloc
  - <lambda_b5208ca5914c8b87931a72746cf0fc26>::operator()
  - <lambda_b5208ca5914c8b87931a72746cf0fc26>::<lambda_invoker_cdecl>
  - luaM_realloc_
  - luaC_newobj
  - createstrobj
  - internshrstr
  - luaS_newlstr
  - luaS_new
  - luaT_init
  - f_luaopen
  - luaD_rawrunprotected
  - lua_newstate
  - icy::lua_system::data_type::initialize
  - icy::lua_system::initialize
  - icy::lua_system::initialize
  - main_func
  - wWinMain
  - invoke_main
  - __scrt_common_main_seh
  - __scrt_common_main
  - wWinMainCRTStartup
  - BaseThreadInitThunk
  - RtlUserThreadStart

33 - Memory leak of size [29] at address (0x0000022117AFCA20); Trace length = 24
  - icy::heap_realloc
  - <lambda_b5208ca5914c8b87931a72746cf0fc26>::operator()
  - <lambda_b5208ca5914c8b87931a72746cf0fc26>::<lambda_invoker_cdecl>
  - luaM_realloc_
  - luaC_newobj
  - createstrobj
  - internshrstr
  - luaS_newlstr
  - luaS_new
  - luaT_init
  - f_luaopen
  - luaD_rawrunprotected
  - lua_newstate
  - icy::lua_system::data_type::initialize
  - icy::lua_system::initialize
  - icy::lua_system::initialize
  - main_func
  - wWinMain
  - invoke_main
  - __scrt_common_main_seh
  - __scrt_common_main
  - wWinMainCRTStartup
  - BaseThreadInitThunk
  - RtlUserThreadStart

34 - Memory leak of size [29] at address (0x0000022117AFCA00); Trace length = 24
  - icy::heap_realloc
  - <lambda_b5208ca5914c8b87931a72746cf0fc26>::operator()
  - <lambda_b5208ca5914c8b87931a72746cf0fc26>::<lambda_invoker_cdecl>
  - luaM_realloc_
  - luaC_newobj
  - createstrobj
  - internshrstr
  - luaS_newlstr
  - luaS_new
  - luaT_init
  - f_luaopen
  - luaD_rawrunprotected
  - lua_newstate
  - icy::lua_system::data_type::initialize
  - icy::lua_system::initialize
  - icy::lua_system::initialize
  - main_func
  - wWinMain
  - invoke_main
  - __scrt_common_main_seh
  - __scrt_common_main
  - wWinMainCRTStartup
  - BaseThreadInitThunk
  - RtlUserThreadStart

35 - Memory leak of size [31] at address (0x0000022117AFC9E0); Trace length = 24
  - icy::heap_realloc
  - <lambda_b5208ca5914c8b87931a72746cf0fc26>::operator()
  - <lambda_b5208ca5914c8b87931a72746cf0fc26>::<lambda_invoker_cdecl>
  - luaM_realloc_
  - luaC_newobj
  - createstrobj
  - internshrstr
  - luaS_newlstr
  - luaS_new
  - luaT_init
  - f_luaopen
  - luaD_rawrunprotected
  - lua_newstate
  - icy::lua_system::data_type::initialize
  - icy::lua_system::initialize
  - icy::lua_system::initialize
  - main_func
  - wWinMain
  - invoke_main
  - __scrt_common_main_seh
  - __scrt_common_main
  - wWinMainCRTStartup
  - BaseThreadInitThunk
  - RtlUserThreadStart

36 - Memory leak of size [30] at address (0x0000022117AFC9C0); Trace length = 24
  - icy::heap_realloc
  - <lambda_b5208ca5914c8b87931a72746cf0fc26>::operator()
  - <lambda_b5208ca5914c8b87931a72746cf0fc26>::<lambda_invoker_cdecl>
  - luaM_realloc_
  - luaC_newobj
  - createstrobj
  - internshrstr
  - luaS_newlstr
  - luaS_new
  - luaT_init
  - f_luaopen
  - luaD_rawrunprotected
  - lua_newstate
  - icy::lua_system::data_type::initialize
  - icy::lua_system::initialize
  - icy::lua_system::initialize
  - main_func
  - wWinMain
  - invoke_main
  - __scrt_common_main_seh
  - __scrt_common_main
  - wWinMainCRTStartup
  - BaseThreadInitThunk
  - RtlUserThreadStart

37 - Memory leak of size [30] at address (0x0000022117AFC9A0); Trace length = 24
  - icy::heap_realloc
  - <lambda_b5208ca5914c8b87931a72746cf0fc26>::operator()
  - <lambda_b5208ca5914c8b87931a72746cf0fc26>::<lambda_invoker_cdecl>
  - luaM_realloc_
  - luaC_newobj
  - createstrobj
  - internshrstr
  - luaS_newlstr
  - luaS_new
  - luaT_init
  - f_luaopen
  - luaD_rawrunprotected
  - lua_newstate
  - icy::lua_system::data_type::initialize
  - icy::lua_system::initialize
  - icy::lua_system::initialize
  - main_func
  - wWinMain
  - invoke_main
  - __scrt_common_main_seh
  - __scrt_common_main
  - wWinMainCRTStartup
  - BaseThreadInitThunk
  - RtlUserThreadStart

38 - Memory leak of size [30] at address (0x0000022117AFC980); Trace length = 24
  - icy::heap_realloc
  - <lambda_b5208ca5914c8b87931a72746cf0fc26>::operator()
  - <lambda_b5208ca5914c8b87931a72746cf0fc26>::<lambda_invoker_cdecl>
  - luaM_realloc_
  - luaC_newobj
  - createstrobj
  - internshrstr
  - luaS_newlstr
  - luaS_new
  - luaT_init
  - f_luaopen
  - luaD_rawrunprotected
  - lua_newstate
  - icy::lua_system::data_type::initialize
  - icy::lua_system::initialize
  - icy::lua_system::initialize
  - main_func
  - wWinMain
  - invoke_main
  - __scrt_common_main_seh
  - __scrt_common_main
  - wWinMainCRTStartup
  - BaseThreadInitThunk
  - RtlUserThreadStart

39 - Memory leak of size [31] at address (0x0000022117AFC960); Trace length = 24
  - icy::heap_realloc
  - <lambda_b5208ca5914c8b87931a72746cf0fc26>::operator()
  - <lambda_b5208ca5914c8b87931a72746cf0fc26>::<lambda_invoker_cdecl>
  - luaM_realloc_
  - luaC_newobj
  - createstrobj
  - internshrstr
  - luaS_newlstr
  - luaS_new
  - luaT_init
  - f_luaopen
  - luaD_rawrunprotected
  - lua_newstate
  - icy::lua_system::data_type::initialize
  - icy::lua_system::initialize
  - icy::lua_system::initialize
  - main_func
  - wWinMain
  - invoke_main
  - __scrt_common_main_seh
  - __scrt_common_main
  - wWinMainCRTStartup
  - BaseThreadInitThunk
  - RtlUserThreadStart

40 - Memory leak of size [30] at address (0x0000022117AFC940); Trace length = 24
  - icy::heap_realloc
  - <lambda_b5208ca5914c8b87931a72746cf0fc26>::operator()
  - <lambda_b5208ca5914c8b87931a72746cf0fc26>::<lambda_invoker_cdecl>
  - luaM_realloc_
  - luaC_newobj
  - createstrobj
  - internshrstr
  - luaS_newlstr
  - luaS_new
  - luaT_init
  - f_luaopen
  - luaD_rawrunprotected
  - lua_newstate
  - icy::lua_system::data_type::initialize
  - icy::lua_system::initialize
  - icy::lua_system::initialize
  - main_func
  - wWinMain
  - invoke_main
  - __scrt_common_main_seh
  - __scrt_common_main
  - wWinMainCRTStartup
  - BaseThreadInitThunk
  - RtlUserThreadStart

41 - Memory leak of size [31] at address (0x0000022117AFC920); Trace length = 24
  - icy::heap_realloc
  - <lambda_b5208ca5914c8b87931a72746cf0fc26>::operator()
  - <lambda_b5208ca5914c8b87931a72746cf0fc26>::<lambda_invoker_cdecl>
  - luaM_realloc_
  - luaC_newobj
  - createstrobj
  - internshrstr
  - luaS_newlstr
  - luaS_new
  - luaT_init
  - f_luaopen
  - luaD_rawrunprotected
  - lua_newstate
  - icy::lua_system::data_type::initialize
  - icy::lua_system::initialize
  - icy::lua_system::initialize
  - main_func
  - wWinMain
  - invoke_main
  - __scrt_common_main_seh
  - __scrt_common_main
  - wWinMainCRTStartup
  - BaseThreadInitThunk
  - RtlUserThreadStart

42 - Memory leak of size [31] at address (0x0000022117AFC900); Trace length = 24
  - icy::heap_realloc
  - <lambda_b5208ca5914c8b87931a72746cf0fc26>::operator()
  - <lambda_b5208ca5914c8b87931a72746cf0fc26>::<lambda_invoker_cdecl>
  - luaM_realloc_
  - luaC_newobj
  - createstrobj
  - internshrstr
  - luaS_newlstr
  - luaS_new
  - luaT_init
  - f_luaopen
  - luaD_rawrunprotected
  - lua_newstate
  - icy::lua_system::data_type::initialize
  - icy::lua_system::initialize
  - icy::lua_system::initialize
  - main_func
  - wWinMain
  - invoke_main
  - __scrt_common_main_seh
  - __scrt_common_main
  - wWinMainCRTStartup
  - BaseThreadInitThunk
  - RtlUserThreadStart

43 - Memory leak of size [30] at address (0x0000022117AFC760); Trace length = 24
  - icy::heap_realloc
  - <lambda_b5208ca5914c8b87931a72746cf0fc26>::operator()
  - <lambda_b5208ca5914c8b87931a72746cf0fc26>::<lambda_invoker_cdecl>
  - luaM_realloc_
  - luaC_newobj
  - createstrobj
  - internshrstr
  - luaS_newlstr
  - luaS_new
  - luaT_init
  - f_luaopen
  - luaD_rawrunprotected
  - lua_newstate
  - icy::lua_system::data_type::initialize
  - icy::lua_system::initialize
  - icy::lua_system::initialize
  - main_func
  - wWinMain
  - invoke_main
  - __scrt_common_main_seh
  - __scrt_common_main
  - wWinMainCRTStartup
  - BaseThreadInitThunk
  - RtlUserThreadStart

44 - Memory leak of size [30] at address (0x0000022117AFC740); Trace length = 24
  - icy::heap_realloc
  - <lambda_b5208ca5914c8b87931a72746cf0fc26>::operator()
  - <lambda_b5208ca5914c8b87931a72746cf0fc26>::<lambda_invoker_cdecl>
  - luaM_realloc_
  - luaC_newobj
  - createstrobj
  - internshrstr
  - luaS_newlstr
  - luaS_new
  - luaT_init
  - f_luaopen
  - luaD_rawrunprotected
  - lua_newstate
  - icy::lua_system::data_type::initialize
  - icy::lua_system::initialize
  - icy::lua_system::initialize
  - main_func
  - wWinMain
  - invoke_main
  - __scrt_common_main_seh
  - __scrt_common_main
  - wWinMainCRTStartup
  - BaseThreadInitThunk
  - RtlUserThreadStart

45 - Memory leak of size [30] at address (0x0000022117AFC720); Trace length = 24
  - icy::heap_realloc
  - <lambda_b5208ca5914c8b87931a72746cf0fc26>::operator()
  - <lambda_b5208ca5914c8b87931a72746cf0fc26>::<lambda_invoker_cdecl>
  - luaM_realloc_
  - luaC_newobj
  - createstrobj
  - internshrstr
  - luaS_newlstr
  - luaS_new
  - luaT_init
  - f_luaopen
  - luaD_rawrunprotected
  - lua_newstate
  - icy::lua_system::data_type::initialize
  - icy::lua_system::initialize
  - icy::lua_system::initialize
  - main_func
  - wWinMain
  - invoke_main
  - __scrt_common_main_seh
  - __scrt_common_main
  - wWinMainCRTStartup
  - BaseThreadInitThunk
  - RtlUserThreadStart

46 - Memory leak of size [30] at address (0x0000022117AFC700); Trace length = 24
  - icy::heap_realloc
  - <lambda_b5208ca5914c8b87931a72746cf0fc26>::operator()
  - <lambda_b5208ca5914c8b87931a72746cf0fc26>::<lambda_invoker_cdecl>
  - luaM_realloc_
  - luaC_newobj
  - createstrobj
  - internshrstr
  - luaS_newlstr
  - luaS_new
  - luaT_init
  - f_luaopen
  - luaD_rawrunprotected
  - lua_newstate
  - icy::lua_system::data_type::initialize
  - icy::lua_system::initialize
  - icy::lua_system::initialize
  - main_func
  - wWinMain
  - invoke_main
  - __scrt_common_main_seh
  - __scrt_common_main
  - wWinMainCRTStartup
  - BaseThreadInitThunk
  - RtlUserThreadStart

47 - Memory leak of size [30] at address (0x0000022117AFC6E0); Trace length = 24
  - icy::heap_realloc
  - <lambda_b5208ca5914c8b87931a72746cf0fc26>::operator()
  - <lambda_b5208ca5914c8b87931a72746cf0fc26>::<lambda_invoker_cdecl>
  - luaM_realloc_
  - luaC_newobj
  - createstrobj
  - internshrstr
  - luaS_newlstr
  - luaS_new
  - luaT_init
  - f_luaopen
  - luaD_rawrunprotected
  - lua_newstate
  - icy::lua_system::data_type::initialize
  - icy::lua_system::initialize
  - icy::lua_system::initialize
  - main_func
  - wWinMain
  - invoke_main
  - __scrt_common_main_seh
  - __scrt_common_main
  - wWinMainCRTStartup
  - BaseThreadInitThunk
  - RtlUserThreadStart

48 - Memory leak of size [30] at address (0x0000022117AFC6C0); Trace length = 24
  - icy::heap_realloc
  - <lambda_b5208ca5914c8b87931a72746cf0fc26>::operator()
  - <lambda_b5208ca5914c8b87931a72746cf0fc26>::<lambda_invoker_cdecl>
  - luaM_realloc_
  - luaC_newobj
  - createstrobj
  - internshrstr
  - luaS_newlstr
  - luaS_new
  - luaT_init
  - f_luaopen
  - luaD_rawrunprotected
  - lua_newstate
  - icy::lua_system::data_type::initialize
  - icy::lua_system::initialize
  - icy::lua_system::initialize
  - main_func
  - wWinMain
  - invoke_main
  - __scrt_common_main_seh
  - __scrt_common_main
  - wWinMainCRTStartup
  - BaseThreadInitThunk
  - RtlUserThreadStart

49 - Memory leak of size [29] at address (0x0000022117AFC6A0); Trace length = 24
  - icy::heap_realloc
  - <lambda_b5208ca5914c8b87931a72746cf0fc26>::operator()
  - <lambda_b5208ca5914c8b87931a72746cf0fc26>::<lambda_invoker_cdecl>
  - luaM_realloc_
  - luaC_newobj
  - createstrobj
  - internshrstr
  - luaS_newlstr
  - luaS_new
  - luaT_init
  - f_luaopen
  - luaD_rawrunprotected
  - lua_newstate
  - icy::lua_system::data_type::initialize
  - icy::lua_system::initialize
  - icy::lua_system::initialize
  - main_func
  - wWinMain
  - invoke_main
  - __scrt_common_main_seh
  - __scrt_common_main
  - wWinMainCRTStartup
  - BaseThreadInitThunk
  - RtlUserThreadStart

50 - Memory leak of size [30] at address (0x0000022117AFC680); Trace length = 24
  - icy::heap_realloc
  - <lambda_b5208ca5914c8b87931a72746cf0fc26>::operator()
  - <lambda_b5208ca5914c8b87931a72746cf0fc26>::<lambda_invoker_cdecl>
  - luaM_realloc_
  - luaC_newobj
  - createstrobj
  - internshrstr
  - luaS_newlstr
  - luaS_new
  - luaT_init
  - f_luaopen
  - luaD_rawrunprotected
  - lua_newstate
  - icy::lua_system::data_type::initialize
  - icy::lua_system::initialize
  - icy::lua_system::initialize
  - main_func
  - wWinMain
  - invoke_main
  - __scrt_common_main_seh
  - __scrt_common_main
  - wWinMainCRTStartup
  - BaseThreadInitThunk
  - RtlUserThreadStart

51 - Memory leak of size [31] at address (0x0000022117AFC660); Trace length = 24
  - icy::heap_realloc
  - <lambda_b5208ca5914c8b87931a72746cf0fc26>::operator()
  - <lambda_b5208ca5914c8b87931a72746cf0fc26>::<lambda_invoker_cdecl>
  - luaM_realloc_
  - luaC_newobj
  - createstrobj
  - internshrstr
  - luaS_newlstr
  - luaS_new
  - luaT_init
  - f_luaopen
  - luaD_rawrunprotected
  - lua_newstate
  - icy::lua_system::data_type::initialize
  - icy::lua_system::initialize
  - icy::lua_system::initialize
  - main_func
  - wWinMain
  - invoke_main
  - __scrt_common_main_seh
  - __scrt_common_main
  - wWinMainCRTStartup
  - BaseThreadInitThunk
  - RtlUserThreadStart

52 - Memory leak of size [29] at address (0x0000022117AFC640); Trace length = 24
  - icy::heap_realloc
  - <lambda_b5208ca5914c8b87931a72746cf0fc26>::operator()
  - <lambda_b5208ca5914c8b87931a72746cf0fc26>::<lambda_invoker_cdecl>
  - luaM_realloc_
  - luaC_newobj
  - createstrobj
  - internshrstr
  - luaS_newlstr
  - luaS_new
  - luaT_init
  - f_luaopen
  - luaD_rawrunprotected
  - lua_newstate
  - icy::lua_system::data_type::initialize
  - icy::lua_system::initialize
  - icy::lua_system::initialize
  - main_func
  - wWinMain
  - invoke_main
  - __scrt_common_main_seh
  - __scrt_common_main
  - wWinMainCRTStartup
  - BaseThreadInitThunk
  - RtlUserThreadStart

53 - Memory leak of size [35] at address (0x0000022117AFC060); Trace length = 24
  - icy::heap_realloc
  - <lambda_b5208ca5914c8b87931a72746cf0fc26>::operator()
  - <lambda_b5208ca5914c8b87931a72746cf0fc26>::<lambda_invoker_cdecl>
  - luaM_realloc_
  - luaC_newobj
  - createstrobj
  - internshrstr
  - luaS_newlstr
  - luaS_new
  - luaT_init
  - f_luaopen
  - luaD_rawrunprotected
  - lua_newstate
  - icy::lua_system::data_type::initialize
  - icy::lua_system::initialize
  - icy::lua_system::initialize
  - main_func
  - wWinMain
  - invoke_main
  - __scrt_common_main_seh
  - __scrt_common_main
  - wWinMainCRTStartup
  - BaseThreadInitThunk
  - RtlUserThreadStart

54 - Memory leak of size [32] at address (0x0000022117AFC620); Trace length = 24
  - icy::heap_realloc
  - <lambda_b5208ca5914c8b87931a72746cf0fc26>::operator()
  - <lambda_b5208ca5914c8b87931a72746cf0fc26>::<lambda_invoker_cdecl>
  - luaM_realloc_
  - luaC_newobj
  - createstrobj
  - internshrstr
  - luaS_newlstr
  - luaS_new
  - luaT_init
  - f_luaopen
  - luaD_rawrunprotected
  - lua_newstate
  - icy::lua_system::data_type::initialize
  - icy::lua_system::initialize
  - icy::lua_system::initialize
  - main_func
  - wWinMain
  - invoke_main
  - __scrt_common_main_seh
  - __scrt_common_main
  - wWinMainCRTStartup
  - BaseThreadInitThunk
  - RtlUserThreadStart

55 - Memory leak of size [42] at address (0x0000022117AFC030); Trace length = 23
  - icy::heap_realloc
  - <lambda_b5208ca5914c8b87931a72746cf0fc26>::operator()
  - <lambda_b5208ca5914c8b87931a72746cf0fc26>::<lambda_invoker_cdecl>
  - luaM_realloc_
  - luaC_newobj
  - createstrobj
  - internshrstr
  - luaS_newlstr
  - luaS_init
  - f_luaopen
  - luaD_rawrunprotected
  - lua_newstate
  - icy::lua_system::data_type::initialize
  - icy::lua_system::initialize
  - icy::lua_system::initialize
  - main_func
  - wWinMain
  - invoke_main
  - __scrt_common_main_seh
  - __scrt_common_main
  - wWinMainCRTStartup
  - BaseThreadInitThunk
  - RtlUserThreadStart

56 - Memory leak of size [1024] at address (0x0000022117B30800); Trace length = 20
  - icy::heap_realloc
  - <lambda_b5208ca5914c8b87931a72746cf0fc26>::operator()
  - <lambda_b5208ca5914c8b87931a72746cf0fc26>::<lambda_invoker_cdecl>
  - luaM_realloc_
  - luaS_resize
  - luaS_init
  - f_luaopen
  - luaD_rawrunprotected
  - lua_newstate
  - icy::lua_system::data_type::initialize
  - icy::lua_system::initialize
  - icy::lua_system::initialize
  - main_func
  - wWinMain
  - invoke_main
  - __scrt_common_main_seh
  - __scrt_common_main
  - wWinMainCRTStartup
  - BaseThreadInitThunk
  - RtlUserThreadStart

57 - Memory leak of size [56] at address (0x0000022117AFC4C0); Trace length = 21
  - icy::heap_realloc
  - <lambda_b5208ca5914c8b87931a72746cf0fc26>::operator()
  - <lambda_b5208ca5914c8b87931a72746cf0fc26>::<lambda_invoker_cdecl>
  - luaM_realloc_
  - luaC_newobj
  - luaH_new
  - init_registry
  - f_luaopen
  - luaD_rawrunprotected
  - lua_newstate
  - icy::lua_system::data_type::initialize
  - icy::lua_system::initialize
  - icy::lua_system::initialize
  - main_func
  - wWinMain
  - invoke_main
  - __scrt_common_main_seh
  - __scrt_common_main
  - wWinMainCRTStartup
  - BaseThreadInitThunk
  - RtlUserThreadStart

58 - Memory leak of size [32] at address (0x0000022117AFC600); Trace length = 21
  - icy::heap_realloc
  - <lambda_b5208ca5914c8b87931a72746cf0fc26>::operator()
  - <lambda_b5208ca5914c8b87931a72746cf0fc26>::<lambda_invoker_cdecl>
  - luaM_realloc_
  - setarrayvector
  - luaH_resize
  - init_registry
  - f_luaopen
  - luaD_rawrunprotected
  - lua_newstate
  - icy::lua_system::data_type::initialize
  - icy::lua_system::initialize
  - icy::lua_system::initialize
  - main_func
  - wWinMain
  - invoke_main
  - __scrt_common_main_seh
  - __scrt_common_main
  - wWinMainCRTStartup
  - BaseThreadInitThunk
  - RtlUserThreadStart

59 - Memory leak of size [56] at address (0x0000022117AFC480); Trace length = 21
  - icy::heap_realloc
  - <lambda_b5208ca5914c8b87931a72746cf0fc26>::operator()
  - <lambda_b5208ca5914c8b87931a72746cf0fc26>::<lambda_invoker_cdecl>
  - luaM_realloc_
  - luaC_newobj
  - luaH_new
  - init_registry
  - f_luaopen
  - luaD_rawrunprotected
  - lua_newstate
  - icy::lua_system::data_type::initialize
  - icy::lua_system::initialize
  - icy::lua_system::initialize
  - main_func
  - wWinMain
  - invoke_main
  - __scrt_common_main_seh
  - __scrt_common_main
  - wWinMainCRTStartup
  - BaseThreadInitThunk
  - RtlUserThreadStart

60 - Memory leak of size [640] at address (0x0000022117B2D800); Trace length = 19
  - icy::heap_realloc
  - <lambda_b5208ca5914c8b87931a72746cf0fc26>::operator()
  - <lambda_b5208ca5914c8b87931a72746cf0fc26>::<lambda_invoker_cdecl>
  - luaM_realloc_
  - stack_init
  - f_luaopen
  - luaD_rawrunprotected
  - lua_newstate
  - icy::lua_system::data_type::initialize
  - icy::lua_system::initialize
  - icy::lua_system::initialize
  - main_func
  - wWinMain
  - invoke_main
  - __scrt_common_main_seh
  - __scrt_common_main
  - wWinMainCRTStartup
  - BaseThreadInitThunk
  - RtlUserThreadStart

61 - Memory leak of size [1552] at address (0x0000022117B2C000); Trace length = 15
  - icy::heap_realloc
  - <lambda_b5208ca5914c8b87931a72746cf0fc26>::operator()
  - <lambda_b5208ca5914c8b87931a72746cf0fc26>::<lambda_invoker_cdecl>
  - lua_newstate
  - icy::lua_system::data_type::initialize
  - icy::lua_system::initialize
  - icy::lua_system::initialize
  - main_func
  - wWinMain
  - invoke_main
  - __scrt_common_main_seh
  - __scrt_common_main
  - wWinMainCRTStartup
  - BaseThreadInitThunk
  - RtlUserThreadStart
